<testsuites id="" name="" tests="1" failures="1" skipped="0" errors="0" time="32.333202">
<testsuite name="signUpUser.spec.js" timestamp="2025-02-20T12:32:23.151Z" hostname="chromium" tests="1" failures="1" skipped="0" time="30.208" errors="0">
<testcase name="User requests and retrieves the API Key sent to the email" classname="signUpUser.spec.js" time="30.208">
<failure message="signUpUser.spec.js:28:1 User requests and retrieves the API Key sent to the email" type="FAILURE">
<![CDATA[  [chromium] › signUpUser.spec.js:28:1 › User requests and retrieves the API Key sent to the email ─

    Test timeout of 30000ms exceeded.

    attachment #1: trace (application/zip) ─────────────────────────────────────────────────────────
    test-results\signUpUser-User-requests-a-65cee-e-API-Key-sent-to-the-email-chromium\trace.zip
    Usage:

        npx playwright show-trace test-results\signUpUser-User-requests-a-65cee-e-API-Key-sent-to-the-email-chromium\trace.zip

    ────────────────────────────────────────────────────────────────────────────────────────────────
]]>
</failure>
<system-out>
<![CDATA[Generated Email: 6c14f207-adfa-4de5-9b93-7c68bd906def@mailslurp.biz  6c14f207-adfa-4de5-9b93-7c68bd906def
AxiosError: Request failed with status code 402
    at settle [90m(C:\Repos\AEMET\[39mnode_modules\[4maxios[24m\lib\core\settle.js:19:12[90m)[39m
    at IncomingMessage.handleStreamEnd [90m(C:\Repos\AEMET\[39mnode_modules\[4maxios[24m\lib\adapters\http.js:599:11[90m)[39m
[90m    at IncomingMessage.emit (node:events:526:35)[39m
[90m    at endReadableNT (node:internal/streams/readable:1589:12)[39m
[90m    at processTicksAndRejections (node:internal/process/task_queues:82:21)[39m
    at Axios.request [90m(C:\Repos\AEMET\[39mnode_modules\[4maxios[24m\lib\core\Axios.js:45:41[90m)[39m
[90m    at processTicksAndRejections (node:internal/process/task_queues:95:5)[39m {
  code: [32m'ERR_BAD_REQUEST'[39m,
  config: {
    transitional: {
      silentJSONParsing: [33mtrue[39m,
      forcedJSONParsing: [33mtrue[39m,
      clarifyTimeoutError: [33mfalse[39m
    },
    adapter: [ [32m'xhr'[39m, [32m'http'[39m, [32m'fetch'[39m ],
    transformRequest: [ [36m[Function: transformRequest][39m ],
    transformResponse: [ [36m[Function: transformResponse][39m ],
    timeout: [33m0[39m,
    xsrfCookieName: [32m'XSRF-TOKEN'[39m,
    xsrfHeaderName: [32m'X-XSRF-TOKEN'[39m,
    maxContentLength: [33m-1[39m,
    maxBodyLength: [33m-1[39m,
    env: { FormData: [36m[Function [FormData]][39m, Blob: [36m[class Blob][39m },
    validateStatus: [36m[Function: validateStatus][39m,
    headers: Object [AxiosHeaders] {
      Accept: [32m'application/json, text/plain, */*'[39m,
      [32m'Content-Type'[39m: [90mundefined[39m,
      [32m'User-Agent'[39m: [32m'axios/1.7.9'[39m,
      [32m'Accept-Encoding'[39m: [32m'gzip, compress, deflate, br'[39m
    },
    url: [32m'https://api.zenrows.com/v1/'[39m,
    method: [32m'get'[39m,
    params: {
      url: [32m'https://opendata.aemet.es/centrodedescargas/altaUsuario?'[39m,
      apikey: [32m'6ee9bb0671e6d94e92f6aa11ebdee9a4818f6b81'[39m,
      js_render: [32m'true'[39m,
      premium_proxy: [32m'true'[39m
    },
    data: [90mundefined[39m
  },
  request: [36m<ref *1>[39m ClientRequest {
    _events: [Object: null prototype] {
      abort: [36m[Function (anonymous)][39m,
      aborted: [36m[Function (anonymous)][39m,
      connect: [36m[Function (anonymous)][39m,
      error: [36m[Function (anonymous)][39m,
      socket: [36m[Function (anonymous)][39m,
      timeout: [36m[Function (anonymous)][39m,
      finish: [36m[Function: requestOnFinish][39m
    },
    _eventsCount: [33m7[39m,
    _maxListeners: [90mundefined[39m,
    outputData: [],
    outputSize: [33m0[39m,
    writable: [33mtrue[39m,
    destroyed: [33mtrue[39m,
    _last: [33mtrue[39m,
    chunkedEncoding: [33mfalse[39m,
    shouldKeepAlive: [33mtrue[39m,
    maxRequestsOnConnectionReached: [33mfalse[39m,
    _defaultKeepAlive: [33mtrue[39m,
    useChunkedEncodingByDefault: [33mfalse[39m,
    sendDate: [33mfalse[39m,
    _removedConnection: [33mfalse[39m,
    _removedContLen: [33mfalse[39m,
    _removedTE: [33mfalse[39m,
    strictContentLength: [33mfalse[39m,
    _contentLength: [33m0[39m,
    _hasBody: [33mtrue[39m,
    _trailer: [32m''[39m,
    finished: [33mtrue[39m,
    _headerSent: [33mtrue[39m,
    _closed: [33mtrue[39m,
    socket: TLSSocket {
      _tlsOptions: [36m[Object][39m,
      _secureEstablished: [33mtrue[39m,
      _securePending: [33mfalse[39m,
      _newSessionPending: [33mfalse[39m,
      _controlReleased: [33mtrue[39m,
      secureConnecting: [33mfalse[39m,
      _SNICallback: [1mnull[22m,
      servername: [32m'api.zenrows.com'[39m,
      alpnProtocol: [33mfalse[39m,
      authorized: [33mtrue[39m,
      authorizationError: [1mnull[22m,
      encrypted: [33mtrue[39m,
      _events: [36m[Object: null prototype][39m,
      _eventsCount: [33m9[39m,
      connecting: [33mfalse[39m,
      _hadError: [33mfalse[39m,
      _parent: [1mnull[22m,
      _host: [32m'api.zenrows.com'[39m,
      _closeAfterHandlingError: [33mfalse[39m,
      _readableState: [36m[ReadableState][39m,
      _maxListeners: [90mundefined[39m,
      _writableState: [36m[WritableState][39m,
      allowHalfOpen: [33mfalse[39m,
      _sockname: [1mnull[22m,
      _pendingData: [1mnull[22m,
      _pendingEncoding: [32m''[39m,
      server: [90mundefined[39m,
      _server: [1mnull[22m,
      ssl: [36m[TLSWrap][39m,
      _requestCert: [33mtrue[39m,
      _rejectUnauthorized: [33mtrue[39m,
      timeout: [33m5000[39m,
      parser: [1mnull[22m,
      _httpMessage: [1mnull[22m,
      autoSelectFamilyAttemptedAddresses: [36m[Array][39m,
      [[32mSymbol(alpncallback)[39m]: [1mnull[22m,
      [[32mSymbol(res)[39m]: [36m[TLSWrap][39m,
      [[32mSymbol(verified)[39m]: [33mtrue[39m,
      [[32mSymbol(pendingSession)[39m]: [1mnull[22m,
      [[32mSymbol(async_id_symbol)[39m]: [33m-1[39m,
      [[32mSymbol(kHandle)[39m]: [36m[TLSWrap][39m,
      [[32mSymbol(lastWriteQueueSize)[39m]: [33m0[39m,
      [[32mSymbol(timeout)[39m]: Timeout {
        _idleTimeout: [33m5000[39m,
        _idlePrev: [36m[TimersList][39m,
        _idleNext: [36m[TimersList][39m,
        _idleStart: [33m5950[39m,
        _onTimeout: [36m[Function: bound ][39m,
        _timerArgs: [90mundefined[39m,
        _repeat: [1mnull[22m,
        _destroyed: [33mfalse[39m,
        [[32mSymbol(refed)[39m]: [33mfalse[39m,
        [[32mSymbol(kHasPrimitive)[39m]: [33mfalse[39m,
        [[32mSymbol(asyncId)[39m]: [33m18102[39m,
        [[32mSymbol(triggerId)[39m]: [33m18100[39m,
        [[32mSymbol(kResourceStore)[39m]: [90mundefined[39m
      },
      [[32mSymbol(kBuffer)[39m]: [1mnull[22m,
      [[32mSymbol(kBufferCb)[39m]: [1mnull[22m,
      [[32mSymbol(kBufferGen)[39m]: [1mnull[22m,
      [[32mSymbol(kCapture)[39m]: [33mfalse[39m,
      [[32mSymbol(kSetNoDelay)[39m]: [33mfalse[39m,
      [[32mSymbol(kSetKeepAlive)[39m]: [33mtrue[39m,
      [[32mSymbol(kSetKeepAliveInitialDelay)[39m]: [33m1[39m,
      [[32mSymbol(kBytesRead)[39m]: [33m0[39m,
      [[32mSymbol(kBytesWritten)[39m]: [33m0[39m,
      [[32mSymbol(connect-options)[39m]: [36m[Object][39m
    },
    _header: [32m'GET /v1/?url=https:%2F%2Fopendata.aemet.es%2Fcentrodedescargas%2FaltaUsuario%3F&apikey=6ee9bb0671e6d94e92f6aa11ebdee9a4818f6b81&js_render=true&premium_proxy=true HTTP/1.1\r\n'[39m +
      [32m'Accept: application/json, text/plain, */*\r\n'[39m +
      [32m'User-Agent: axios/1.7.9\r\n'[39m +
      [32m'Accept-Encoding: gzip, compress, deflate, br\r\n'[39m +
      [32m'Host: api.zenrows.com\r\n'[39m +
      [32m'Connection: keep-alive\r\n'[39m +
      [32m'\r\n'[39m,
    _keepAliveTimeout: [33m0[39m,
    _onPendingData: [36m[Function: nop][39m,
    agent: Agent {
      _events: [36m[Object: null prototype][39m,
      _eventsCount: [33m2[39m,
      _maxListeners: [90mundefined[39m,
      defaultPort: [33m443[39m,
      protocol: [32m'https:'[39m,
      options: [36m[Object: null prototype][39m,
      requests: [Object: null prototype] {},
      sockets: [Object: null prototype] {},
      freeSockets: [36m[Object: null prototype][39m,
      keepAliveMsecs: [33m1000[39m,
      keepAlive: [33mtrue[39m,
      maxSockets: [33mInfinity[39m,
      maxFreeSockets: [33m256[39m,
      scheduling: [32m'lifo'[39m,
      maxTotalSockets: [33mInfinity[39m,
      totalSocketCount: [33m1[39m,
      maxCachedSessions: [33m100[39m,
      _sessionCache: [36m[Object][39m,
      [[32mSymbol(kCapture)[39m]: [33mfalse[39m
    },
    socketPath: [90mundefined[39m,
    method: [32m'GET'[39m,
    maxHeaderSize: [90mundefined[39m,
    insecureHTTPParser: [90mundefined[39m,
    joinDuplicateHeaders: [90mundefined[39m,
    path: [32m'/v1/?url=https:%2F%2Fopendata.aemet.es%2Fcentrodedescargas%2FaltaUsuario%3F&apikey=6ee9bb0671e6d94e92f6aa11ebdee9a4818f6b81&js_render=true&premium_proxy=true'[39m,
    _ended: [33mtrue[39m,
    res: IncomingMessage {
      _readableState: [36m[ReadableState][39m,
      _events: [36m[Object: null prototype][39m,
      _eventsCount: [33m4[39m,
      _maxListeners: [90mundefined[39m,
      socket: [1mnull[22m,
      httpVersionMajor: [33m1[39m,
      httpVersionMinor: [33m1[39m,
      httpVersion: [32m'1.1'[39m,
      complete: [33mtrue[39m,
      rawHeaders: [36m[Array][39m,
      rawTrailers: [],
      joinDuplicateHeaders: [90mundefined[39m,
      aborted: [33mfalse[39m,
      upgrade: [33mfalse[39m,
      url: [32m''[39m,
      method: [1mnull[22m,
      statusCode: [33m402[39m,
      statusMessage: [32m'Payment Required'[39m,
      client: [36m[TLSSocket][39m,
      _consuming: [33mfalse[39m,
      _dumped: [33mfalse[39m,
      req: [36m[Circular *1][39m,
      responseUrl: [32m'https://api.zenrows.com/v1/?url=https:%2F%2Fopendata.aemet.es%2Fcentrodedescargas%2FaltaUsuario%3F&apikey=6ee9bb0671e6d94e92f6aa11ebdee9a4818f6b81&js_render=true&premium_proxy=true'[39m,
      redirects: [],
      [[32mSymbol(kCapture)[39m]: [33mfalse[39m,
      [[32mSymbol(kHeaders)[39m]: [36m[Object][39m,
      [[32mSymbol(kHeadersCount)[39m]: [33m10[39m,
      [[32mSymbol(kTrailers)[39m]: [1mnull[22m,
      [[32mSymbol(kTrailersCount)[39m]: [33m0[39m
    },
    aborted: [33mfalse[39m,
    timeoutCb: [1mnull[22m,
    upgradeOrConnect: [33mfalse[39m,
    parser: [1mnull[22m,
    maxHeadersCount: [1mnull[22m,
    reusedSocket: [33mfalse[39m,
    host: [32m'api.zenrows.com'[39m,
    protocol: [32m'https:'[39m,
    _redirectable: Writable {
      _writableState: [36m[WritableState][39m,
      _events: [36m[Object: null prototype][39m,
      _eventsCount: [33m3[39m,
      _maxListeners: [90mundefined[39m,
      _options: [36m[Object][39m,
      _ended: [33mtrue[39m,
      _ending: [33mtrue[39m,
      _redirectCount: [33m0[39m,
      _redirects: [],
      _requestBodyLength: [33m0[39m,
      _requestBodyBuffers: [],
      _onNativeResponse: [36m[Function (anonymous)][39m,
      _currentRequest: [36m[Circular *1][39m,
      _currentUrl: [32m'https://api.zenrows.com/v1/?url=https:%2F%2Fopendata.aemet.es%2Fcentrodedescargas%2FaltaUsuario%3F&apikey=6ee9bb0671e6d94e92f6aa11ebdee9a4818f6b81&js_render=true&premium_proxy=true'[39m,
      [[32mSymbol(kCapture)[39m]: [33mfalse[39m
    },
    [[32mSymbol(kCapture)[39m]: [33mfalse[39m,
    [[32mSymbol(kBytesWritten)[39m]: [33m0[39m,
    [[32mSymbol(kNeedDrain)[39m]: [33mfalse[39m,
    [[32mSymbol(corked)[39m]: [33m0[39m,
    [[32mSymbol(kOutHeaders)[39m]: [Object: null prototype] {
      accept: [36m[Array][39m,
      [32m'user-agent'[39m: [36m[Array][39m,
      [32m'accept-encoding'[39m: [36m[Array][39m,
      host: [36m[Array][39m
    },
    [[32mSymbol(errored)[39m]: [1mnull[22m,
    [[32mSymbol(kHighWaterMark)[39m]: [33m16384[39m,
    [[32mSymbol(kRejectNonStandardBodyWrites)[39m]: [33mfalse[39m,
    [[32mSymbol(kUniqueHeaders)[39m]: [1mnull[22m
  },
  response: {
    status: [33m402[39m,
    statusText: [32m'Payment Required'[39m,
    headers: Object [AxiosHeaders] {
      [32m'content-type'[39m: [32m'application/problem+json'[39m,
      [32m'x-request-cost'[39m: [32m'0'[39m,
      [32m'x-request-id'[39m: [32m'67b720dd2990bbac2545a48d8b308c45'[39m,
      date: [32m'Thu, 20 Feb 2025 12:32:29 GMT'[39m,
      [32m'content-length'[39m: [32m'253'[39m
    },
    config: {
      transitional: [36m[Object][39m,
      adapter: [36m[Array][39m,
      transformRequest: [36m[Array][39m,
      transformResponse: [36m[Array][39m,
      timeout: [33m0[39m,
      xsrfCookieName: [32m'XSRF-TOKEN'[39m,
      xsrfHeaderName: [32m'X-XSRF-TOKEN'[39m,
      maxContentLength: [33m-1[39m,
      maxBodyLength: [33m-1[39m,
      env: [36m[Object][39m,
      validateStatus: [36m[Function: validateStatus][39m,
      headers: [36m[Object [AxiosHeaders]][39m,
      url: [32m'https://api.zenrows.com/v1/'[39m,
      method: [32m'get'[39m,
      params: [36m[Object][39m,
      data: [90mundefined[39m
    },
    request: [36m<ref *1>[39m ClientRequest {
      _events: [36m[Object: null prototype][39m,
      _eventsCount: [33m7[39m,
      _maxListeners: [90mundefined[39m,
      outputData: [],
      outputSize: [33m0[39m,
      writable: [33mtrue[39m,
      destroyed: [33mtrue[39m,
      _last: [33mtrue[39m,
      chunkedEncoding: [33mfalse[39m,
      shouldKeepAlive: [33mtrue[39m,
      maxRequestsOnConnectionReached: [33mfalse[39m,
      _defaultKeepAlive: [33mtrue[39m,
      useChunkedEncodingByDefault: [33mfalse[39m,
      sendDate: [33mfalse[39m,
      _removedConnection: [33mfalse[39m,
      _removedContLen: [33mfalse[39m,
      _removedTE: [33mfalse[39m,
      strictContentLength: [33mfalse[39m,
      _contentLength: [33m0[39m,
      _hasBody: [33mtrue[39m,
      _trailer: [32m''[39m,
      finished: [33mtrue[39m,
      _headerSent: [33mtrue[39m,
      _closed: [33mtrue[39m,
      socket: [36m[TLSSocket][39m,
      _header: [32m'GET /v1/?url=https:%2F%2Fopendata.aemet.es%2Fcentrodedescargas%2FaltaUsuario%3F&apikey=6ee9bb0671e6d94e92f6aa11ebdee9a4818f6b81&js_render=true&premium_proxy=true HTTP/1.1\r\n'[39m +
        [32m'Accept: application/json, text/plain, */*\r\n'[39m +
        [32m'User-Agent: axios/1.7.9\r\n'[39m +
        [32m'Accept-Encoding: gzip, compress, deflate, br\r\n'[39m +
        [32m'Host: api.zenrows.com\r\n'[39m +
        [32m'Connection: keep-alive\r\n'[39m +
        [32m'\r\n'[39m,
      _keepAliveTimeout: [33m0[39m,
      _onPendingData: [36m[Function: nop][39m,
      agent: [36m[Agent][39m,
      socketPath: [90mundefined[39m,
      method: [32m'GET'[39m,
      maxHeaderSize: [90mundefined[39m,
      insecureHTTPParser: [90mundefined[39m,
      joinDuplicateHeaders: [90mundefined[39m,
      path: [32m'/v1/?url=https:%2F%2Fopendata.aemet.es%2Fcentrodedescargas%2FaltaUsuario%3F&apikey=6ee9bb0671e6d94e92f6aa11ebdee9a4818f6b81&js_render=true&premium_proxy=true'[39m,
      _ended: [33mtrue[39m,
      res: [36m[IncomingMessage][39m,
      aborted: [33mfalse[39m,
      timeoutCb: [1mnull[22m,
      upgradeOrConnect: [33mfalse[39m,
      parser: [1mnull[22m,
      maxHeadersCount: [1mnull[22m,
      reusedSocket: [33mfalse[39m,
      host: [32m'api.zenrows.com'[39m,
      protocol: [32m'https:'[39m,
      _redirectable: [36m[Writable][39m,
      [[32mSymbol(kCapture)[39m]: [33mfalse[39m,
      [[32mSymbol(kBytesWritten)[39m]: [33m0[39m,
      [[32mSymbol(kNeedDrain)[39m]: [33mfalse[39m,
      [[32mSymbol(corked)[39m]: [33m0[39m,
      [[32mSymbol(kOutHeaders)[39m]: [36m[Object: null prototype][39m,
      [[32mSymbol(errored)[39m]: [1mnull[22m,
      [[32mSymbol(kHighWaterMark)[39m]: [33m16384[39m,
      [[32mSymbol(kRejectNonStandardBodyWrites)[39m]: [33mfalse[39m,
      [[32mSymbol(kUniqueHeaders)[39m]: [1mnull[22m
    },
    data: {
      code: [32m'AUTH004'[39m,
      detail: [32m'This account has reached its usage limit. Purchase a new subscription to continue using the service.'[39m,
      instance: [32m'/v1'[39m,
      status: [33m402[39m,
      title: [32m'Usage exceeded (AUTH004)'[39m,
      type: [32m'https://docs.zenrows.com/api-error-codes#AUTH004'[39m
    }
  },
  status: [33m402[39m
}

[[ATTACHMENT|..\test-results\signUpUser-User-requests-a-65cee-e-API-Key-sent-to-the-email-chromium\trace.zip]]
]]>
</system-out>
</testcase>
</testsuite>
</testsuites>